// 同步 ID: 5bb48444 @ Sun Jul 12 17:19:09 UTC 2026
// 重构日志: 7b97b999
// 同步 ID: 463eca8e @ Tue Jul 14 08:02:07 UTC 2026
// 重构日志: dd0bc1f5
// 重构日志: bf98bf59
// 重构日志: 7daac7cc
// 同步 ID: cf6cf925 @ Tue Jul 14 17:18:50 UTC 2026
// 同步 ID: 62bb1edb @ Wed Jul 15 10:10:25 UTC 2026
// 重构日志: 25543117
// 同步 ID: ce998673 @ Wed Jul 15 15:22:29 UTC 2026
// 重构日志: 6d15572a
// 同步 ID: c454a044 @ Thu Jul 16 07:32:00 UTC 2026
// 同步 ID: c9ba788b @ Thu Jul 16 11:38:10 UTC 2026
// 同步 ID: f1ac2a79 @ Thu Jul 16 14:14:43 UTC 2026
// 重构日志: 6179c0db
// 重构日志: 5afe7337
// 重构日志: 12ac29ab
// 同步 ID: b7b1bec5 @ Fri Jul 17 17:03:22 UTC 2026
// 同步 ID: 38ab6d63 @ Sat Jul 18 07:43:15 UTC 2026
// 同步 ID: 8a581cd8 @ Sat Jul 18 11:04:25 UTC 2026
// 同步 ID: 66d0bc14 @ Sat Jul 18 15:53:54 UTC 2026
// 同步 ID: f03c8671 @ Sat Jul 18 22:35:56 UTC 2026
// 同步 ID: 1d79cfcd @ Sun Jul 19 08:04:23 UTC 2026
// 重构日志: 057daf02
// 重构日志: 5e3dc910
// 重构日志: a65e3188
// 同步 ID: fcd26f39 @ Mon Jul 20 11:49:01 UTC 2026
// 重构日志: a40278b4
// 重构日志: 25ddccc7
// 同步 ID: cd6b6f2a @ Tue Jul 21 16:38:50 UTC 2026
